<?xml version="1.0" encoding="UTF-8"?>
<testsuite name="com.neliolucas._2ibi.countryapi.api.CountryResourceIntegrationTest" tests="21" skipped="0" failures="0" errors="0" timestamp="2021-03-20T00:53:09" hostname="DESKTOP-6B2DNQL" time="0.738">
  <properties/>
  <testcase name="fetchSingleCountryByInvalidName_returnResponseNotFound" classname="com.neliolucas._2ibi.countryapi.api.CountryResourceIntegrationTest" time="0.212"/>
  <testcase name="failDeleteWithInValidCountryId_returnResponseNotFound" classname="com.neliolucas._2ibi.countryapi.api.CountryResourceIntegrationTest" time="0.013"/>
  <testcase name="fetchSingleCountryByValidName_returnResponseIsFound" classname="com.neliolucas._2ibi.countryapi.api.CountryResourceIntegrationTest" time="0.111"/>
  <testcase name="fetchCountriesSortedByRegion_returnResponseFound" classname="com.neliolucas._2ibi.countryapi.api.CountryResourceIntegrationTest" time="0.047"/>
  <testcase name="fetchAllCountries_returnResponseOKAndCountryListSize5" classname="com.neliolucas._2ibi.countryapi.api.CountryResourceIntegrationTest" time="0.008"/>
  <testcase name="fetchCountriesSortedByName_returnResponseFound" classname="com.neliolucas._2ibi.countryapi.api.CountryResourceIntegrationTest" time="0.009"/>
  <testcase name="failAddCountryWithInvalidSubRegion_returnResponseBadRequest" classname="com.neliolucas._2ibi.countryapi.api.CountryResourceIntegrationTest" time="0.199"/>
  <testcase name="addValidCountry_returnResponseCreated" classname="com.neliolucas._2ibi.countryapi.api.CountryResourceIntegrationTest" time="0.009"/>
  <testcase name="fetchSingleCountryByInvalidId_returnResponseNotFound" classname="com.neliolucas._2ibi.countryapi.api.CountryResourceIntegrationTest" time="0.009"/>
  <testcase name="fetchCountriesSortedBySubRegion_returnResponseFound" classname="com.neliolucas._2ibi.countryapi.api.CountryResourceIntegrationTest" time="0.007"/>
  <testcase name="failAddCountryWithInvalidName_returnResponseBadRequest" classname="com.neliolucas._2ibi.countryapi.api.CountryResourceIntegrationTest" time="0.007"/>
  <testcase name="failAddCountryWithInvalidCapital_returnResponseBadRequest" classname="com.neliolucas._2ibi.countryapi.api.CountryResourceIntegrationTest" time="0.006"/>
  <testcase name="updateCountryWithValidBody_returnResponseOk" classname="com.neliolucas._2ibi.countryapi.api.CountryResourceIntegrationTest" time="0.007"/>
  <testcase name="fetchCountriesSortedByCapital_returnResponseFound" classname="com.neliolucas._2ibi.countryapi.api.CountryResourceIntegrationTest" time="0.007"/>
  <testcase name="fetchSingleCountryByValidId_returnResponseIsFound" classname="com.neliolucas._2ibi.countryapi.api.CountryResourceIntegrationTest" time="0.008"/>
  <testcase name="failUpdateCountryWithInvalidBody_returnResponseBadRequest" classname="com.neliolucas._2ibi.countryapi.api.CountryResourceIntegrationTest" time="0.006"/>
  <testcase name="failAddCountryWithInvalidRegion_returnResponseBadRequest" classname="com.neliolucas._2ibi.countryapi.api.CountryResourceIntegrationTest" time="0.013"/>
  <testcase name="deleteCountryWithValidId_returnResponseOK" classname="com.neliolucas._2ibi.countryapi.api.CountryResourceIntegrationTest" time="0.005"/>
  <testcase name="failUpdateCountryWithValidBodyAndInvalidId_returnResponseNotFound" classname="com.neliolucas._2ibi.countryapi.api.CountryResourceIntegrationTest" time="0.008"/>
  <testcase name="fetchCountriesSortedByInvalidProperty_returnResponseBadRequest" classname="com.neliolucas._2ibi.countryapi.api.CountryResourceIntegrationTest" time="0.01"/>
  <testcase name="fetchCountriesSortedByArea_returnResponseFound" classname="com.neliolucas._2ibi.countryapi.api.CountryResourceIntegrationTest" time="0.006"/>
  <system-out><![CDATA[02:53:05.717 [Test worker] DEBUG org.springframework.test.annotation.ProfileValueUtils - Retrieved @ProfileValueSourceConfiguration [null] for test class [com.neliolucas._2ibi.countryapi.api.CountryResourceIntegrationTest]
02:53:05.717 [Test worker] DEBUG org.springframework.test.annotation.ProfileValueUtils - Retrieved ProfileValueSource type [class org.springframework.test.annotation.SystemProfileValueSource] for class [com.neliolucas._2ibi.countryapi.api.CountryResourceIntegrationTest]
02:53:05.718 [Test worker] DEBUG org.springframework.test.annotation.ProfileValueUtils - Retrieved @ProfileValueSourceConfiguration [null] for test class [com.neliolucas._2ibi.countryapi.api.CountryResourceIntegrationTest]
02:53:05.719 [Test worker] DEBUG org.springframework.test.annotation.ProfileValueUtils - Retrieved ProfileValueSource type [class org.springframework.test.annotation.SystemProfileValueSource] for class [com.neliolucas._2ibi.countryapi.api.CountryResourceIntegrationTest]
02:53:05.727 [Test worker] DEBUG org.springframework.test.context.support.AbstractDirtiesContextTestExecutionListener - Before test class: context [DefaultTestContext@36353cac testClass = CountryResourceIntegrationTest, testInstance = [null], testMethod = [null], testException = [null], mergedContextConfiguration = [WebMergedContextConfiguration@33dfa04 testClass = CountryResourceIntegrationTest, locations = '{}', classes = '{class com.neliolucas._2ibi.countryapi.CountryapiApplication}', contextInitializerClasses = '[]', activeProfiles = '{}', propertySourceLocations = '{}', propertySourceProperties = '{org.springframework.boot.test.autoconfigure.web.servlet.WebMvcTestContextBootstrapper=true}', contextCustomizers = set[org.springframework.boot.test.autoconfigure.OverrideAutoConfigurationContextCustomizerFactory$DisableAutoConfigurationContextCustomizer@c30ab4f, org.springframework.boot.test.autoconfigure.actuate.metrics.MetricsExportContextCustomizerFactory$DisableMetricExportContextCustomizer@7078244b, org.springframework.boot.test.autoconfigure.filter.TypeExcludeFiltersContextCustomizer@ec2e890e, org.springframework.boot.test.autoconfigure.properties.PropertyMappingContextCustomizer@cbd187ab, org.springframework.boot.test.autoconfigure.web.servlet.WebDriverContextCustomizerFactory$Customizer@4a4164cf, [ImportsContextCustomizer@2740e005 key = [org.springframework.boot.autoconfigure.cache.CacheAutoConfiguration, org.springframework.boot.autoconfigure.context.MessageSourceAutoConfiguration, org.springframework.boot.autoconfigure.data.web.SpringDataWebAutoConfiguration, org.springframework.boot.autoconfigure.freemarker.FreeMarkerAutoConfiguration, org.springframework.boot.autoconfigure.groovy.template.GroovyTemplateAutoConfiguration, org.springframework.boot.autoconfigure.gson.GsonAutoConfiguration, org.springframework.boot.autoconfigure.hateoas.HypermediaAutoConfiguration, org.springframework.boot.autoconfigure.http.HttpMessageConvertersAutoConfiguration, org.springframework.boot.autoconfigure.jackson.JacksonAutoConfiguration, org.springframework.boot.autoconfigure.jsonb.JsonbAutoConfiguration, org.springframework.boot.autoconfigure.mustache.MustacheAutoConfiguration, org.springframework.boot.autoconfigure.task.TaskExecutionAutoConfiguration, org.springframework.boot.autoconfigure.thymeleaf.ThymeleafAutoConfiguration, org.springframework.boot.autoconfigure.validation.ValidationAutoConfiguration, org.springframework.boot.autoconfigure.web.servlet.error.ErrorMvcAutoConfiguration, org.springframework.boot.autoconfigure.web.servlet.HttpEncodingAutoConfiguration, org.springframework.boot.autoconfigure.web.servlet.WebMvcAutoConfiguration, org.springframework.boot.test.autoconfigure.web.servlet.MockMvcAutoConfiguration, org.springframework.boot.test.autoconfigure.web.servlet.MockMvcWebClientAutoConfiguration, org.springframework.boot.test.autoconfigure.web.servlet.MockMvcWebDriverAutoConfiguration, org.springframework.boot.autoconfigure.security.oauth2.client.servlet.OAuth2ClientAutoConfiguration, org.springframework.boot.autoconfigure.security.oauth2.resource.servlet.OAuth2ResourceServerAutoConfiguration, org.springframework.boot.autoconfigure.security.servlet.SecurityAutoConfiguration, org.springframework.boot.autoconfigure.security.servlet.SecurityFilterAutoConfiguration, org.springframework.boot.autoconfigure.security.servlet.UserDetailsServiceAutoConfiguration, org.springframework.boot.test.autoconfigure.web.servlet.MockMvcSecurityConfiguration]], org.springframework.boot.test.context.filter.ExcludeFilterContextCustomizer@194fd9e8, org.springframework.boot.test.json.DuplicateJsonObjectContextCustomizerFactory$DuplicateJsonObjectContextCustomizer@146f79fa, org.springframework.boot.test.mock.mockito.MockitoContextCustomizer@20b9d23b, org.springframework.boot.test.context.SpringBootTestArgs@1, org.springframework.boot.test.context.SpringBootTestWebEnvironment@0], resourceBasePath = 'src/main/webapp', contextLoader = 'org.springframework.boot.test.context.SpringBootContextLoader', parent = [null]], attributes = map[[empty]]], class annotated with @DirtiesContext [false] with mode [null].
02:53:05.730 [Test worker] DEBUG org.springframework.test.annotation.ProfileValueUtils - Retrieved @ProfileValueSourceConfiguration [null] for test class [com.neliolucas._2ibi.countryapi.api.CountryResourceIntegrationTest]
02:53:05.730 [Test worker] DEBUG org.springframework.test.annotation.ProfileValueUtils - Retrieved ProfileValueSource type [class org.springframework.test.annotation.SystemProfileValueSource] for class [com.neliolucas._2ibi.countryapi.api.CountryResourceIntegrationTest]
02:53:05.776 [Test worker] DEBUG org.springframework.test.context.support.TestPropertySourceUtils - Adding inlined properties to environment: {spring.jmx.enabled=false, org.springframework.boot.test.autoconfigure.web.servlet.WebMvcTestContextBootstrapper=true}

  .   ____          _            __ _ _
 /\\ / ___'_ __ _ _(_)_ __  __ _ \ \ \ \
( ( )\___ | '_ | '_| | '_ \/ _` | \ \ \ \
 \\/  ___)| |_)| | | | | || (_| |  ) ) ) )
  '  |____| .__|_| |_|_| |_\__, | / / / /
 =========|_|==============|___/=/_/_/_/
 :: Spring Boot ::                (v2.4.3)

2021-03-20 02:53:06.379  INFO 29772 --- [    Test worker] c.n._.c.a.CountryResourceIntegrationTest : Starting CountryResourceIntegrationTest using Java 1.8.0_74 on DESKTOP-6B2DNQL with PID 29772 (started by Nelio in C:\Users\Nelio\IdeaProjects\countryapi2)
2021-03-20 02:53:06.380  INFO 29772 --- [    Test worker] c.n._.c.a.CountryResourceIntegrationTest : The following profiles are active: dev
2021-03-20 02:53:09.288  INFO 29772 --- [    Test worker] o.s.s.concurrent.ThreadPoolTaskExecutor  : Initializing ExecutorService 'applicationTaskExecutor'
2021-03-20 02:53:09.787  INFO 29772 --- [    Test worker] o.s.b.t.m.w.SpringBootMockServletContext : Initializing Spring TestDispatcherServlet ''
2021-03-20 02:53:09.788  INFO 29772 --- [    Test worker] o.s.t.web.servlet.TestDispatcherServlet  : Initializing Servlet ''
2021-03-20 02:53:09.789  INFO 29772 --- [    Test worker] o.s.t.web.servlet.TestDispatcherServlet  : Completed initialization in 1 ms
2021-03-20 02:53:09.836  INFO 29772 --- [    Test worker] c.n._.c.a.CountryResourceIntegrationTest : Started CountryResourceIntegrationTest in 4.046 seconds (JVM running for 5.662)
]]></system-out>
  <system-err><![CDATA[]]></system-err>
</testsuite>
